<?xml version="1.0" encoding="UTF-8"?>
<!-- Generated by org.testng.reporters.JUnitXMLReporter -->
<testsuite ignored="0" hostname="LAPTOP-78HU2QI4" failures="0" tests="3" name="Default test" time="0.048" errors="0" timestamp="2020-12-12T12:52:02 IST">
  <testcase classname="test.TestStringCalculator" name="emptyStringReturnZero" time="0.007"/>
  <testcase classname="test.TestStringCalculator" name="oneNumberReturnValue" time="0.001"/>
  <testcase classname="test.TestStringCalculator" name="twoNumbersCommaDelimitedReturnSum" time="0.001"/>
</testsuite> <!-- Default test -->
