<?xml version="1.0" encoding="UTF-8"?>
<!-- Generated by org.testng.reporters.JUnitXMLReporter -->
<testsuite ignored="0" hostname="LAPTOP-78HU2QI4" failures="0" tests="12" name="Default test" time="0.068" errors="0" timestamp="2020-12-13T10:21:49 IST">
  <testcase classname="test.TestStringCalculator" name="countAddMethodInvoked" time="0.007"/>
  <testcase classname="test.TestStringCalculator" name="emptyStringReturnZero" time="0.001"/>
  <testcase classname="test.TestStringCalculator" name="ignoreNumberGreaterThan1000" time="0.001"/>
  <testcase classname="test.TestStringCalculator" name="multipleNegativeInputReturnsException" time="0.001"/>
  <testcase classname="test.TestStringCalculator" name="negativeInputReturnsException" time="0.001"/>
  <testcase classname="test.TestStringCalculator" name="oneNumberReturnValue" time="0.001"/>
  <testcase classname="test.TestStringCalculator" name="twoNumbersCommaDelimitedReturnSum" time="0.002"/>
  <testcase classname="test.TestStringCalculator" name="twoNumbersNewLineDelimitedReturnSum" time="0.001"/>
  <testcase classname="test.TestStringCalculator" name="unknownAmountNumbersReturnSum" time="0.001"/>
  <testcase classname="test.TestStringCalculator" name="whenAnyLengthDelimiterIsSpecified" time="0.001"/>
  <testcase classname="test.TestStringCalculator" name="whenDelimiterIsSpecifiedThenItIsUsedToSeparateNumbers" time="0.001"/>
  <testcase classname="test.TestStringCalculator" name="whenMultipleDelimitersAreSpecified" time="0.001"/>
</testsuite> <!-- Default test -->
