<?xml version="1.0" encoding="UTF-8"?>
<testng-results ignored="0" total="5" passed="5" failed="0" skipped="0">
  <reporter-output>
  </reporter-output>
  <suite started-at="2020-12-12T20:57:08 IST" name="Default suite" finished-at="2020-12-12T20:57:08 IST" duration-ms="53">
    <groups>
    </groups>
    <test started-at="2020-12-12T20:57:08 IST" name="Default test" finished-at="2020-12-12T20:57:08 IST" duration-ms="53">
      <class name="test.TestStringCalculator">
        <test-method is-config="true" signature="init()[pri:0, instance:test.TestStringCalculator@6b19b79]" started-at="2020-12-12T20:57:08 IST" name="init" finished-at="2020-12-12T20:57:08 IST" duration-ms="7" status="PASS">
          <reporter-output>
          </reporter-output>
        </test-method> <!-- init -->
        <test-method signature="emptyStringReturnZero()[pri:0, instance:test.TestStringCalculator@6b19b79]" started-at="2020-12-12T20:57:08 IST" name="emptyStringReturnZero" finished-at="2020-12-12T20:57:08 IST" duration-ms="7" status="PASS">
          <reporter-output>
          </reporter-output>
        </test-method> <!-- emptyStringReturnZero -->
        <test-method signature="oneNumberReturnValue()[pri:0, instance:test.TestStringCalculator@6b19b79]" started-at="2020-12-12T20:57:08 IST" name="oneNumberReturnValue" finished-at="2020-12-12T20:57:08 IST" duration-ms="1" status="PASS">
          <reporter-output>
          </reporter-output>
        </test-method> <!-- oneNumberReturnValue -->
        <test-method signature="twoNumbersCommaDelimitedReturnSum()[pri:0, instance:test.TestStringCalculator@6b19b79]" started-at="2020-12-12T20:57:08 IST" name="twoNumbersCommaDelimitedReturnSum" finished-at="2020-12-12T20:57:08 IST" duration-ms="1" status="PASS">
          <reporter-output>
          </reporter-output>
        </test-method> <!-- twoNumbersCommaDelimitedReturnSum -->
        <test-method signature="twoNumbersNewLineDelimitedReturnSum()[pri:0, instance:test.TestStringCalculator@6b19b79]" started-at="2020-12-12T20:57:08 IST" name="twoNumbersNewLineDelimitedReturnSum" finished-at="2020-12-12T20:57:08 IST" duration-ms="1" status="PASS">
          <reporter-output>
          </reporter-output>
        </test-method> <!-- twoNumbersNewLineDelimitedReturnSum -->
        <test-method signature="unknownAmountNumbersReturnSum()[pri:0, instance:test.TestStringCalculator@6b19b79]" started-at="2020-12-12T20:57:08 IST" name="unknownAmountNumbersReturnSum" finished-at="2020-12-12T20:57:08 IST" duration-ms="1" status="PASS">
          <reporter-output>
          </reporter-output>
        </test-method> <!-- unknownAmountNumbersReturnSum -->
      </class> <!-- test.TestStringCalculator -->
    </test> <!-- Default test -->
  </suite> <!-- Default suite -->
</testng-results>
